<?xml version="1.0" encoding="UTF-8"?>
<testsuite xmlns:xsi="http://www.w3.org/2001/XMLSchema-instance" xsi:noNamespaceSchemaLocation="https://maven.apache.org/surefire/maven-surefire-plugin/xsd/surefire-test-report.xsd" version="3.0.2" name="ru.otus.hw.repositories.JpaBookRepositoryTest" time="0.742" tests="4" errors="0" skipped="0" failures="0">
  <properties>
[...]
</properties>
  <testcase name="shouldFindById" classname="ru.otus.hw.repositories.JpaBookRepositoryTest" time="0.013">
    <system-out><![CDATA[2025-06-25T20:49:38.301+03:00  INFO 12364 --- [           main] t.c.s.AnnotationConfigContextLoaderUtils : Could not detect default configuration classes for test class [ru.otus.hw.repositories.JpaBookRepositoryTest]: JpaBookRepositoryTest does not declare any static, non-private, non-final, nested classes annotated with @Configuration.
2025-06-25T20:49:38.340+03:00  INFO 12364 --- [           main] .b.t.c.SpringBootTestContextBootstrapper : Found @SpringBootConfiguration ru.otus.hw.Application for test class ru.otus.hw.repositories.JpaBookRepositoryTest

  .   ____          _            __ _ _
 /\\ / ___'_ __ _ _(_)_ __  __ _ \ \ \ \
( ( )\___ | '_ | '_| | '_ \/ _` | \ \ \ \
 \\/  ___)| |_)| | | | | || (_| |  ) ) ) )
  '  |____| .__|_| |_|_| |_\__, | / / / /
 =========|_|==============|___/=/_/_/_/

 :: Spring Boot ::                (v3.4.3)

2025-06-25T20:49:38.396+03:00  INFO 12364 --- [           main] r.o.h.r.JpaBookRepositoryTest            : Starting JpaBookRepositoryTest using Java 17.0.15 with PID 12364 (started by ilyac in C:\Users\ilyac\IdeaProjects\2025-03-otus-spring-cherney\hw06)
2025-06-25T20:49:38.396+03:00  INFO 12364 --- [           main] r.o.h.r.JpaBookRepositoryTest            : No active profile set, falling back to 1 default profile: "default"
2025-06-25T20:49:38.596+03:00  INFO 12364 --- [           main] .s.d.r.c.RepositoryConfigurationDelegate : Bootstrapping Spring Data JPA repositories in DEFAULT mode.
2025-06-25T20:49:38.610+03:00  INFO 12364 --- [           main] .s.d.r.c.RepositoryConfigurationDelegate : Finished Spring Data repository scanning in 9 ms. Found 0 JPA repository interfaces.
2025-06-25T20:49:38.637+03:00  INFO 12364 --- [           main] beddedDataSourceBeanFactoryPostProcessor : Replacing 'dataSource' DataSource bean with embedded version
2025-06-25T20:49:38.658+03:00  INFO 12364 --- [           main] o.s.j.d.e.EmbeddedDatabaseFactory        : Starting embedded database: url='jdbc:h2:mem:d8bbf0c3-fc9f-4774-ba54-c96032702ee8;DB_CLOSE_DELAY=-1;DB_CLOSE_ON_EXIT=false', username='sa'
2025-06-25T20:49:38.715+03:00  INFO 12364 --- [           main] o.hibernate.jpa.internal.util.LogHelper  : HHH000204: Processing PersistenceUnitInfo [name: default]
2025-06-25T20:49:38.720+03:00  INFO 12364 --- [           main] o.h.c.internal.RegionFactoryInitiator    : HHH000026: Second-level cache disabled
2025-06-25T20:49:38.738+03:00  INFO 12364 --- [           main] o.s.o.j.p.SpringPersistenceUnitInfo      : No LoadTimeWeaver setup: ignoring JPA class transformer
2025-06-25T20:49:38.742+03:00  INFO 12364 --- [           main] org.hibernate.orm.connections.pooling    : HHH10001005: Database info:
	Database JDBC URL [Connecting through datasource 'org.springframework.jdbc.datasource.embedded.EmbeddedDatabaseFactory$EmbeddedDataSourceProxy@333e01c6']
	Database driver: undefined/unknown
	Database version: 2.3.232
	Autocommit mode: undefined/unknown
	Isolation level: undefined/unknown
	Minimum pool size: undefined/unknown
	Maximum pool size: undefined/unknown
2025-06-25T20:49:38.846+03:00  INFO 12364 --- [           main] o.h.e.t.j.p.i.JtaPlatformInitiator       : HHH000489: No JTA platform available (set 'hibernate.transaction.jta.platform' to enable JTA platform integration)
2025-06-25T20:49:38.847+03:00  INFO 12364 --- [           main] j.LocalContainerEntityManagerFactoryBean : Initialized JPA EntityManagerFactory for persistence unit 'default'
2025-06-25T20:49:38.883+03:00  INFO 12364 --- [           main] r.o.h.r.JpaBookRepositoryTest            : Started JpaBookRepositoryTest in 0.531 seconds (process running for 7.956)
Hibernate: 
    insert 
    into
        books
        (author_id, genre_id, title, id) 
    values
        (?, ?, ?, default)
]]></system-out>
  </testcase>
  <testcase name="shouldDeleteBookById" classname="ru.otus.hw.repositories.JpaBookRepositoryTest" time="0.029">
    <system-out><![CDATA[Hibernate: 
    insert 
    into
        authors
        (full_name, id) 
    values
        (?, default)
Hibernate: 
    insert 
    into
        genres
        (name, id) 
    values
        (?, default)
Hibernate: 
    insert 
    into
        books
        (author_id, genre_id, title, id) 
    values
        (?, ?, ?, default)
]]></system-out>
  </testcase>
  <testcase name="shouldFindAll" classname="ru.otus.hw.repositories.JpaBookRepositoryTest" time="0.075">
    <system-out><![CDATA[Hibernate: 
    insert 
    into
        authors
        (full_name, id) 
    values
        (?, default)
Hibernate: 
    insert 
    into
        genres
        (name, id) 
    values
        (?, default)
Hibernate: 
    insert 
    into
        books
        (author_id, genre_id, title, id) 
    values
        (?, ?, ?, default)
Hibernate: 
    insert 
    into
        books
        (author_id, genre_id, title, id) 
    values
        (?, ?, ?, default)
Hibernate: 
    select
        b1_0.id,
        a1_0.id,
        a1_0.full_name,
        g1_0.id,
        g1_0.name,
        b1_0.title 
    from
        books b1_0 
    join
        authors a1_0 
            on a1_0.id=b1_0.author_id 
    join
        genres g1_0 
            on g1_0.id=b1_0.genre_id
]]></system-out>
  </testcase>
  <testcase name="shouldSaveBook" classname="ru.otus.hw.repositories.JpaBookRepositoryTest" time="0.023">
    <system-out><![CDATA[Hibernate: 
    insert 
    into
        authors
        (full_name, id) 
    values
        (?, default)
Hibernate: 
    insert 
    into
        genres
        (name, id) 
    values
        (?, default)
Hibernate: 
    insert 
    into
        books
        (author_id, genre_id, title, id) 
    values
        (?, ?, ?, default)
]]></system-out>
  </testcase>
</testsuite>